{"name": "test_Addhost", "status": "broken", "statusDetails": {"message": "selenium.common.exceptions.TimeoutException: Message: \nStacktrace:\n\tGetHandleVerifier [0x0x7ff775ca81f5+23461]\n\t(No symbol) [0x0x7ff775bfc2e0]\n\tGetHandleVerifier [0x0x7ff775f20128+2611928]\n\t(No symbol) [0x0x7ff775a191a8]\n\t(No symbol) [0x0x7ff775a1946b]\n\t(No symbol) [0x0x7ff775a59a67]\n\t(No symbol) [0x0x7ff775a3a6ff]\n\t(No symbol) [0x0x7ff775a0f58d]\n\t(No symbol) [0x0x7ff775a5754f]\n\t(No symbol) [0x0x7ff775a3a423]\n\t(No symbol) [0x0x7ff775a0ea86]\n\t(No symbol) [0x0x7ff775a0dd11]\n\t(No symbol) [0x0x7ff775a0e8b3]\n\t(No symbol) [0x0x7ff775b0dd3d]\n\t(No symbol) [0x0x7ff775b1b0c8]\n\tGetHandleVerifier [0x0x7ff775d8803b+940523]\n\tGetHandleVerifier [0x0x7ff775d90d91+976705]\n\t(No symbol) [0x0x7ff775c09ed1]\n\t(No symbol) [0x0x7ff775c028b4]\n\t(No symbol) [0x0x7ff775c02a03]\n\t(No symbol) [0x0x7ff775bf44a6]\n\tBaseThreadInitThunk [0x0x7ffd039e7374+20]\n\tRtlUserThreadStart [0x0x7ffd057bcc91+33]", "trace": "hostList_page = <pages.hostList_page.HostlistPage object at 0x000002A6603F2F88>\n\n    def test_Addhost(hostList_page):\n>     hostList_page.AddHost()\n\ntest_hostlist.py:2: \n_ _ _ _ _ _ _ _ _ _ _ _ _ _ _ _ _ _ _ _ _ _ _ _ _ _ _ _ _ _ _ _ _ _ _ _ _ _ _ _ _ _ _ _ _ _ _ _ _ _ _ _ _ _ _ _ _ _ _ _ _ _ _ _ _ _ _ _ _ _ _ _ _ _ _ _ _ _ _ _ _ _ _ _ _ _ _ _ _ _ _ _ _ _ _ _ _ _ _\n..\\pages\\hostList_page.py:40: in AddHost\n    self.click(self.Addhost_BUTTON)\n..\\pages\\base_page.py:42: in click\n    element = self._get_clickable_element(locator, timeout)\n..\\pages\\base_page.py:33: in _get_clickable_element\n    return wait.until(EC.element_to_be_clickable(locator))\n_ _ _ _ _ _ _ _ _ _ _ _ _ _ _ _ _ _ _ _ _ _ _ _ _ _ _ _ _ _ _ _ _ _ _ _ _ _ _ _ _ _ _ _ _ _ _ _ _ _ _ _ _ _ _ _ _ _ _ _ _ _ _ _ _ _ _ _ _ _ _ _ _ _ _ _ _ _ _ _ _ _ _ _ _ _ _ _ _ _ _ _ _ _ _ _ _ _ _\n\nself = <selenium.webdriver.support.wait.WebDriverWait (session=\"8950155f91546939e0196e30d420cae6\")>, method = <function element_to_be_clickable.<locals>._predicate at 0x000002A660283948>\nmessage = ''\n\n    def until(self, method, message: str = \"\"):\n        \"\"\"Calls the method provided with the driver as an argument until the \\\n        return value does not evaluate to ``False``.\n    \n        :param method: callable(WebDriver)\n        :param message: optional message for :exc:`TimeoutException`\n        :returns: the result of the last call to `method`\n        :raises: :exc:`selenium.common.exceptions.TimeoutException` if timeout occurs\n        \"\"\"\n        screen = None\n        stacktrace = None\n    \n        end_time = time.monotonic() + self._timeout\n        while True:\n            try:\n                value = method(self._driver)\n                if value:\n                    return value\n            except self._ignored_exceptions as exc:\n                screen = getattr(exc, \"screen\", None)\n                stacktrace = getattr(exc, \"stacktrace\", None)\n            time.sleep(self._poll)\n            if time.monotonic() > end_time:\n                break\n>       raise TimeoutException(message, screen, stacktrace)\nE       selenium.common.exceptions.TimeoutException: Message: \nE       Stacktrace:\nE       \tGetHandleVerifier [0x0x7ff775ca81f5+23461]\nE       \t(No symbol) [0x0x7ff775bfc2e0]\nE       \tGetHandleVerifier [0x0x7ff775f20128+2611928]\nE       \t(No symbol) [0x0x7ff775a191a8]\nE       \t(No symbol) [0x0x7ff775a1946b]\nE       \t(No symbol) [0x0x7ff775a59a67]\nE       \t(No symbol) [0x0x7ff775a3a6ff]\nE       \t(No symbol) [0x0x7ff775a0f58d]\nE       \t(No symbol) [0x0x7ff775a5754f]\nE       \t(No symbol) [0x0x7ff775a3a423]\nE       \t(No symbol) [0x0x7ff775a0ea86]\nE       \t(No symbol) [0x0x7ff775a0dd11]\nE       \t(No symbol) [0x0x7ff775a0e8b3]\nE       \t(No symbol) [0x0x7ff775b0dd3d]\nE       \t(No symbol) [0x0x7ff775b1b0c8]\nE       \tGetHandleVerifier [0x0x7ff775d8803b+940523]\nE       \tGetHandleVerifier [0x0x7ff775d90d91+976705]\nE       \t(No symbol) [0x0x7ff775c09ed1]\nE       \t(No symbol) [0x0x7ff775c028b4]\nE       \t(No symbol) [0x0x7ff775c02a03]\nE       \t(No symbol) [0x0x7ff775bf44a6]\nE       \tBaseThreadInitThunk [0x0x7ffd039e7374+20]\nE       \tRtlUserThreadStart [0x0x7ffd057bcc91+33]\n\nd:\\tools\\python 37\\lib\\site-packages\\selenium\\webdriver\\support\\wait.py:95: TimeoutException"}, "attachments": [{"name": "log", "source": "7c0c6617-26d4-4a9c-ac43-9a39a3cd2d35-attachment.txt", "type": "text/plain"}], "start": 1756351557631, "stop": 1756351619380, "uuid": "071c017d-85b0-4c5b-8ab2-a08c1b50e698", "historyId": "6740cab1b9ab23ba3bd20d223b993a1b", "testCaseId": "6740cab1b9ab23ba3bd20d223b993a1b", "fullName": "tests.test_hostlist#test_Addhost", "labels": [{"name": "parentSuite", "value": "tests"}, {"name": "suite", "value": "test_hostlist"}, {"name": "host", "value": "LAPTOP-JM9PJ4OM"}, {"name": "thread", "value": "21496-MainThread"}, {"name": "framework", "value": "pytest"}, {"name": "language", "value": "cpython3"}, {"name": "package", "value": "tests.test_hostlist"}]}